<?xml version="1.0" encoding="UTF-8"?>
<!-- Generated by org.testng.reporters.JUnitReportReporter -->
<testsuite hostname="LAPTOP-J058G7D6" failures="0" tests="1" name="Pack1.Simpleclass" time="0.012" errors="0" timestamp="2021-03-30T22:16:44 IST" skipped="0">
  <testcase classname="Pack1.Simpleclass" name="config" time="0.012"/>
  <system-out/>
</testsuite> <!-- Pack1.Simpleclass -->
